<?xml version="1.0" encoding="UTF-8"?>
<!-- Generated by org.testng.reporters.JUnitReportReporter -->
<testsuite hostname="DESKTOP-APUALTV" failures="0" tests="6" name="testNG.TestNGPractice2" time="0.025" errors="0" timestamp="2023-01-25T10:23:38 IST" skipped="0">
  <testcase classname="testNG.TestNGPractice2" name="test3" time="0.002"/>
  <system-out/>
  <testcase classname="testNG.TestNGPractice2" name="test2" time="0.006"/>
  <system-out/>
  <testcase classname="testNG.TestNGPractice2" name="test2" time="0.006"/>
  <system-out/>
  <testcase classname="testNG.TestNGPractice2" name="test1" time="0.004"/>
  <system-out/>
  <testcase classname="testNG.TestNGPractice2" name="test3" time="0.003"/>
  <system-out/>
  <testcase classname="testNG.TestNGPractice2" name="test1" time="0.004"/>
  <system-out/>
</testsuite> <!-- testNG.TestNGPractice2 -->
