<?xml version="1.0" encoding="UTF-8"?>
<!-- Generated by org.testng.reporters.JUnitReportReporter -->
<testsuite hostname="DESKTOP-APUALTV" failures="0" tests="2" name="testNG.TestNGtestpractice1" time="0.027" errors="0" timestamp="2023-02-19T20:15:21 IST" skipped="0">
  <testcase classname="testNG.TestNGtestpractice1" name="test1" time="0.004"/>
  <system-out/>
  <testcase classname="testNG.TestNGtestpractice1" name="test1" time="0.023"/>
  <system-out/>
</testsuite> <!-- testNG.TestNGtestpractice1 -->
