<?xml version="1.0" encoding="UTF-8"?>
<!-- Generated by org.testng.reporters.JUnitReportReporter -->
<testsuite hostname="DESKTOP-APUALTV" failures="0" tests="1" name="assertionhard.Hardassertion" time="24.039" errors="0" timestamp="2023-02-01T10:32:38 IST" skipped="0">
  <testcase classname="assertionhard.Hardassertion" name="demoofassertion" time="24.039"/>
  <system-out/>
</testsuite> <!-- assertionhard.Hardassertion -->
