<?xml version="1.0" encoding="UTF-8"?>
<!-- Generated by org.testng.reporters.JUnitReportReporter -->
<testsuite hostname="DESKTOP-APUALTV" failures="0" tests="3" name="testNG.TestNGtest" time="0.019" errors="0" timestamp="2023-01-25T09:08:50 IST" skipped="0">
  <testcase classname="testNG.TestNGtest" name="test3" time="0.003"/>
  <system-out/>
  <testcase classname="testNG.TestNGtest" name="test2" time="0.004"/>
  <system-out/>
  <testcase classname="testNG.TestNGtest" name="test1" time="0.012"/>
  <system-out/>
</testsuite> <!-- testNG.TestNGtest -->
